[0mGET /css/home.css [32m200[0m 85.044 ms - 8586[0m
[0mGET /css/layout.css [32m200[0m 133.348 ms - 2531[0m
[0mGET /js/layout.js [36m304[0m 8.232 ms - -[0m
[0mGET /js/home.js [36m304[0m 3.767 ms - -[0m
[0mGET /js/chat_engine.js [36m304[0m 6.693 ms - -[0m
[0mGET /images/technology.png [36m304[0m 7.783 ms - -[0m
[0mGET /images/user.png [36m304[0m 37.078 ms - -[0m
[0mGET /assets/images/pngwing.com.png [33m404[0m 547.304 ms - 168[0m
[0mGET /css/home.css [36m304[0m 220.842 ms - -[0m
[0mGET /css/layout.css [36m304[0m 110.740 ms - -[0m
[0mGET /js/layout.js [36m304[0m 5.990 ms - -[0m
[0mGET /js/home.js [36m304[0m 4.266 ms - -[0m
[0mGET /js/chat_engine.js [36m304[0m 7.175 ms - -[0m
[0mGET /images/technology.png [36m304[0m 5.078 ms - -[0m
[0mGET /assets/images/pngwing.com.png [33m404[0m 114.256 ms - 168[0m
[0mGET /images/user.png [36m304[0m 9.079 ms - -[0m
[0mGET /css/layout.css [36m304[0m 85.236 ms - -[0m
[0mGET /css/home.css [36m304[0m 34.680 ms - -[0m
[0mGET /js/layout.js [36m304[0m 3.527 ms - -[0m
[0mGET /js/home.js [36m304[0m 8.174 ms - -[0m
[0mGET /js/chat_engine.js [36m304[0m 3.948 ms - -[0m
[0mGET /images/technology.png [36m304[0m 8.284 ms - -[0m
[0mGET /images/user.png [36m304[0m 51.683 ms - -[0m
[0mGET /assets/images/pngwing.com.png [33m404[0m 96.687 ms - 168[0m
